<?xml version="1.0" encoding="UTF-8"?>
<!-- Generated by org.testng.reporters.JUnitReportReporter -->
<testsuite hostname="IN-B7KRXM3" failures="0" tests="6" name="com.tmb.tests.LoginPagetest" time="117.139" errors="0" timestamp="2023-10-04T14:09:48 IST" skipped="0">
  <testcase classname="com.tmb.tests.LoginPagetest" name="test1" time="17.921"/>
  <system-out/>
  <testcase classname="com.tmb.tests.LoginPagetest" name="test2" time="17.356"/>
  <system-out/>
  <testcase classname="com.tmb.tests.LoginPagetest" name="test3" time="19.481"/>
  <system-out/>
  <testcase classname="com.tmb.tests.LoginPagetest" name="test4" time="20.204"/>
  <system-out/>
  <testcase classname="com.tmb.tests.LoginPagetest" name="test5" time="20.656"/>
  <system-out/>
  <testcase classname="com.tmb.tests.LoginPagetest" name="test6" time="21.521"/>
  <system-out/>
</testsuite> <!-- com.tmb.tests.LoginPagetest -->
