<?xml version="1.0" encoding="UTF-8"?>
<!-- Generated by org.testng.reporters.JUnitReportReporter -->
<testsuite hostname="IN-B7KRXM3" failures="0" tests="1" name="com.tmb.tests.LoginPagetest" time="20.229" errors="0" timestamp="2023-09-22T10:36:06 IST" skipped="0">
  <testcase classname="com.tmb.tests.LoginPagetest" name="test1" time="20.229"/>
  <system-out/>
</testsuite> <!-- com.tmb.tests.LoginPagetest -->
